2020-09-09 07:54:51 AM login_cyusik =>clear_log...
2020-09-10 07:50:38 AM Вход в админку Логин: login_cyusik Пароль: 0fdd62264e689c1036c3c105e127df81
2020-09-10 07:50:38 AM login_cyusik Вошел mainballs.php Логин: login_cyusik
2020-09-10 07:51:14 AM login_cyusik Вошел в control.php Логин: login_cyusik
2020-09-10 08:05:38 AM login_cyusik Вошел mainballs.php Логин: login_cyusik
2020-09-10 08:05:39 AM login_cyusik Вошел importballs.php Логин: login_cyusik
2020-09-10 08:07:35 AM login_cyusik Вошел mainballs.php Логин: login_cyusik
2020-09-10 08:07:36 AM login_cyusik Вошел importballs.php Логин: login_cyusik
2020-09-10 08:10:42 AM login_cyusik Вошел mainballs.php Логин: login_cyusik
2020-09-10 08:10:44 AM login_cyusik Вошел importballs.php Логин: login_cyusik
2020-09-10 08:15:44 AM login_cyusik Вошел mainballs.php Логин: login_cyusik
2020-09-10 08:15:45 AM login_cyusik Вошел importballs.php Логин: login_cyusik
2020-09-10 08:16:12 AM login_cyusik Вошел importballs.php Логин: login_cyusik
2020-09-10 08:17:54 AM login_cyusik Вошел importballs.php Логин: login_cyusik
2020-09-10 08:18:57 AM login_cyusik Вошел importballs.php Логин: login_cyusik
2020-09-10 08:20:19 AM login_cyusik Вошел importballs.php Логин: login_cyusik
2020-09-10 08:23:24 AM login_cyusik Вошел mainballs.php Логин: login_cyusik
2020-09-10 08:23:26 AM login_cyusik Вошел в control.php Логин: login_cyusik
2020-09-10 08:24:28 AM login_cyusik Вошел importballs.php Логин: login_cyusik
2020-09-10 08:24:59 AM login_cyusik Вошел importballs.php Логин: login_cyusik
2020-09-10 08:26:34 AM login_cyusik Вошел importballs.php Логин: login_cyusik
2020-09-10 08:26:55 AM login_cyusik Вошел importballs.php Логин: login_cyusik
2020-09-10 08:29:20 AM login_cyusik Вошел importballs.php Логин: login_cyusik
2020-09-10 08:31:57 AM login_cyusik Вошел importballs.php Логин: login_cyusik
2020-09-11 08:02:39 AM login_cyusik Вошел mainballs.php Логин: login_cyusik
2020-09-11 08:02:41 AM login_cyusik Вошел mainballs.php Логин: login_cyusik
2020-09-11 08:02:43 AM login_cyusik Вошел importballs.php Логин: login_cyusik
2020-09-11 08:03:30 AM login_cyusik Вошел importballs.php Логин: login_cyusik
2020-09-11 08:07:04 AM login_cyusik Вошел importballs.php Логин: login_cyusik
2020-09-11 08:07:33 AM login_cyusik Вошел importballs.php Логин: login_cyusik
2020-09-11 08:08:22 AM login_cyusik Вошел importballs.php Логин: login_cyusik
2020-09-11 08:10:54 AM login_cyusik Вошел importballs.php Логин: login_cyusik
2020-09-11 08:11:23 AM login_cyusik Вошел importballs.php Логин: login_cyusik
2020-09-11 08:11:34 AM login_cyusik Вошел importballs.php Логин: login_cyusik
2020-09-11 08:13:44 AM login_cyusik Вошел importballs.php Логин: login_cyusik
2020-09-11 08:14:01 AM login_cyusik Вошел importballs.php Логин: login_cyusik
2020-09-11 08:15:16 AM login_cyusik Вошел importballs.php Логин: login_cyusik
2020-09-11 08:15:28 AM login_cyusik Вошел importballs.php Логин: login_cyusik
2020-09-11 08:19:38 AM login_cyusik Вошел importballs.php Логин: login_cyusik
2020-09-11 08:20:10 AM login_cyusik Вошел importballs.php Логин: login_cyusik
2020-09-11 08:51:29 AM login_cyusik Вошел importballs.php Логин: login_cyusik
2020-09-11 08:53:50 AM login_cyusik Вошел importballs.php Логин: login_cyusik
2020-09-11 08:54:49 AM login_cyusik Вошел importballs.php Логин: login_cyusik
2020-09-11 08:55:11 AM login_cyusik Вошел importballs.php Логин: login_cyusik
2020-09-11 08:56:57 AM login_cyusik Вошел importballs.php Логин: login_cyusik
2020-09-11 08:57:01 AM login_cyusik Вошел importballs.php Логин: login_cyusik
2020-09-11 08:57:03 AM login_cyusik Вошел importballs.php Логин: login_cyusik
2020-09-11 08:57:05 AM login_cyusik Вошел importballs.php Логин: login_cyusik
2020-09-11 08:57:06 AM login_cyusik Вошел importballs.php Логин: login_cyusik
2020-09-11 08:57:06 AM login_cyusik Вошел importballs.php Логин: login_cyusik
2020-09-11 08:57:06 AM login_cyusik Вошел importballs.php Логин: login_cyusik
2020-09-11 08:57:07 AM login_cyusik Вошел importballs.php Логин: login_cyusik
2020-09-11 08:57:37 AM login_cyusik Вошел mainballs.php Логин: login_cyusik
2020-09-11 08:57:38 AM login_cyusik Вошел importballs.php Логин: login_cyusik
2020-09-11 08:57:40 AM login_cyusik Вошел importballs.php Логин: login_cyusik
2020-09-11 08:57:41 AM login_cyusik Вошел importballs.php Логин: login_cyusik
2020-09-11 08:57:42 AM login_cyusik Вошел importballs.php Логин: login_cyusik
2020-09-11 08:57:42 AM login_cyusik Вошел importballs.php Логин: login_cyusik
2020-09-11 08:57:42 AM login_cyusik Вошел importballs.php Логин: login_cyusik
2020-09-11 08:57:43 AM login_cyusik Вошел importballs.php Логин: login_cyusik
2020-09-11 08:57:43 AM login_cyusik Вошел importballs.php Логин: login_cyusik
2020-09-11 08:57:43 AM login_cyusik Вошел importballs.php Логин: login_cyusik
2020-09-11 08:58:03 AM login_cyusik Вошел importballs.php Логин: login_cyusik
2020-09-11 08:58:05 AM login_cyusik Вошел importballs.php Логин: login_cyusik
2020-09-11 08:58:06 AM login_cyusik Вошел importballs.php Логин: login_cyusik
2020-09-11 08:58:06 AM login_cyusik Вошел importballs.php Логин: login_cyusik
2020-09-11 08:58:06 AM login_cyusik Вошел importballs.php Логин: login_cyusik
2020-09-11 08:58:06 AM login_cyusik Вошел importballs.php Логин: login_cyusik
2020-09-11 08:58:33 AM login_cyusik Вошел importballs.php Логин: login_cyusik
2020-09-11 08:58:35 AM login_cyusik Вошел importballs.php Логин: login_cyusik
2020-09-11 08:58:45 AM login_cyusik Вошел importballs.php Логин: login_cyusik
2020-09-11 09:02:03 AM login_cyusik Вошел importballs.php Логин: login_cyusik
2020-09-11 09:02:10 AM login_cyusik Вошел importballs.php Логин: login_cyusik
2020-09-11 09:02:23 AM login_cyusik Вошел importballs.php Логин: login_cyusik
2020-09-11 09:02:27 AM login_cyusik Вошел importballs.php Логин: login_cyusik
2020-09-11 09:12:12 AM login_cyusik Вошел mainballs.php Логин: login_cyusik
2020-09-11 09:12:14 AM login_cyusik Вошел в control.php Логин: login_cyusik
2020-09-12 12:44:51 PM login_cyusik Вошел mainballs.php Логин: login_cyusik
2020-09-12 12:49:42 PM login_cyusik Вошел mainballs.php Логин: login_cyusik
2020-09-12 12:49:48 PM login_cyusik Вошел mainballs.php Логин: login_cyusik
2020-09-12 12:50:05 PM login_cyusik Вошел mainballs.php Логин: login_cyusik
2020-09-12 12:55:11 PM login_cyusik Вошел mainballs.php Логин: login_cyusik
2020-09-12 12:55:59 PM login_cyusik Вошел mainballs.php Логин: login_cyusik
2020-09-12 12:57:01 PM login_cyusik Вошел mainballs.php Логин: login_cyusik
2020-09-12 12:57:39 PM login_cyusik Вошел mainballs.php Логин: login_cyusik
2020-09-12 12:58:19 PM login_cyusik Вошел mainballs.php Логин: login_cyusik
2020-09-12 12:59:00 PM login_cyusik Вошел mainballs.php Логин: login_cyusik
2020-09-12 01:00:34 AM login_cyusik Вошел mainballs.php Логин: login_cyusik
2020-09-12 01:01:27 AM login_cyusik Вошел mainballs.php Логин: login_cyusik
2020-09-12 01:04:05 AM login_cyusik Вошел mainballs.php Логин: login_cyusik
2020-09-12 01:04:23 AM login_cyusik Вошел mainballs.php Логин: login_cyusik
2020-09-12 01:06:58 AM login_cyusik Вошел mainballs.php Логин: login_cyusik
2020-09-12 01:09:33 AM login_cyusik Вошел mainballs.php Логин: login_cyusik
2020-09-12 01:09:52 AM login_cyusik Вошел mainballs.php Логин: login_cyusik
2020-09-12 01:10:07 AM login_cyusik Вошел importballs.php Логин: login_cyusik
2020-09-12 01:10:10 AM login_cyusik Вошел mainballs.php Логин: login_cyusik
2020-09-12 01:12:14 AM login_cyusik Вошел mainballs.php Логин: login_cyusik
2020-09-12 01:12:36 AM login_cyusik Вошел mainballs.php Логин: login_cyusik
2020-09-12 04:06:56 AM login_cyusik Вошел mainballs.php Логин: login_cyusik
2020-09-12 04:18:34 AM login_cyusik Вошел mainballs.php Логин: login_cyusik
2020-09-12 04:18:38 AM login_cyusik Вошел в control.php Логин: login_cyusik
2020-09-12 04:19:04 AM ip=>127.0.0.1 Вход в админку Логин: user Пароль: ee11cbb19052e40b07aac0ca060c23ee
2020-09-12 04:19:04 AM user Вошел mainballs.php Логин: user
2020-09-12 04:19:08 AM ip=>127.0.0.1 Вход в админку Логин: login_cyusik Пароль: 0fdd62264e689c1036c3c105e127df81
2020-09-12 04:19:11 AM ip=>127.0.0.1 Вход в админку Логин: login_cyusik Пароль: 0fdd62264e689c1036c3c105e127df81
2020-09-12 04:19:43 AM ip=>127.0.0.1 Вход в админку Логин: login_cyusik Пароль: 5581510a92693fa3a892137114ece2dc
2020-09-12 04:19:43 AM login_cyusik Вошел mainballs.php Логин: login_cyusik
2020-09-12 04:19:51 AM login_cyusik Вошел в control.php Логин: login_cyusik
2020-09-12 04:23:46 AM login_cyusik Вошел mainballs.php Логин: login_cyusik
2020-09-12 04:23:47 AM login_cyusik Вошел importballs.php Логин: login_cyusik
2020-09-12 04:23:53 AM login_cyusik Вошел formobmen.php Логин: login_cyusik
2020-09-12 04:23:57 AM login_cyusik Вошел formobmen.php Логин: login_cyusik
2020-09-12 04:23:59 AM login_cyusik Вошел mainballs.php Логин: login_cyusik
2020-09-12 04:24:00 AM login_cyusik Вошел в control.php Логин: login_cyusik
