2020-09-09 07:54:53 AM login_cyusik =>clear_log...
2020-09-10 08:05:46 AM Ошибка search_admin_points.php(21): 
2020-09-10 08:07:40 AM Ошибка search_admin_points.php(21): 
2020-09-10 08:10:46 AM login_cyusik Поиск ника=>Cyusik id=>2599 true
2020-09-10 08:14:17 AM login_cyusik Поиск ника=>Cyusik id=>2599 true
2020-09-10 08:15:42 AM login_cyusik Поиск ника=>Cyusik id=>2599 true
2020-09-10 08:15:47 AM login_cyusik Поиск ника=>Cyusik id=>2599 true
2020-09-10 08:16:14 AM login_cyusik Поиск ника=>Cyusik id=>2599 true
2020-09-10 08:16:22 AM login_cyusik Поиск ника=>Cyusik id=>2599 true
2020-09-10 08:17:58 AM login_cyusik Поиск ника=>test false
2020-09-10 08:18:11 AM login_cyusik Добавил: nick=>test; point=>150; history=>bcnjhbz
2020-09-10 08:18:11 AM result=>true
2020-09-10 08:18:14 AM login_cyusik Поиск ника=>test id=>11224 true
2020-09-10 08:18:20 AM login_cyusik Поиск ника=>test id=>11224 true
2020-09-10 08:19:00 AM login_cyusik Поиск ника=>test id=>11224 true
2020-09-10 08:20:22 AM login_cyusik Поиск ника=>test id=>11224 true
2020-09-10 08:20:31 AM login_cyusik Поиск ника=>test id=>11224 true
2020-09-10 08:24:30 AM login_cyusik Поиск ника=>test id=>11224 true
2020-09-10 08:25:01 AM login_cyusik Поиск ника=>test id=>11224 true
2020-09-10 08:26:37 AM login_cyusik Поиск ника=>test id=>11224 true
2020-09-10 08:26:43 AM login_cyusik Поиск ника=>test id=>11224 true
2020-09-10 08:26:58 AM login_cyusik Поиск ника=>test id=>11224 true
2020-09-10 08:29:23 AM login_cyusik Поиск ника=>test id=>11224 true
2020-09-10 08:32:00 AM login_cyusik Поиск ника=>test id=>11224 true
2020-09-10 08:32:05 AM login_cyusik Поиск ника=>test id=>11224 true
2020-09-11 08:02:47 AM login_cyusik Поиск ника=>Cyusik id=>2599 true
2020-09-11 08:03:35 AM login_cyusik Поиск ника=>Cyusik id=>2599 true
2020-09-11 08:07:05 AM login_cyusik Поиск ника=>Cyusik id=>2599 true
2020-09-11 08:07:35 AM login_cyusik Поиск ника=>Cyusik id=>2599 true
2020-09-11 08:08:24 AM login_cyusik Поиск ника=>Cyusik id=>2599 true
2020-09-11 08:10:56 AM login_cyusik Поиск ника=>Cyusik id=>2599 true
2020-09-11 08:11:37 AM login_cyusik Поиск ника=>Cyusik id=>2599 true
2020-09-11 08:13:46 AM login_cyusik Поиск ника=>Cyusik id=>2599 true
2020-09-11 08:14:03 AM login_cyusik Поиск ника=>Cyusik id=>2599 true
2020-09-11 08:14:19 AM login_cyusik Поиск ника=>test id=>11224 true
2020-09-11 08:14:27 AM login_cyusik Добавил: nick=>test; point=>250; history=>
2020-09-11 08:14:27 AM result=>true
2020-09-11 08:14:29 AM login_cyusik Поиск ника=>test id=>11224 true
2020-09-11 08:14:29 AM login_cyusik Поиск ника=>test id=>11225 true
2020-09-11 08:15:20 AM login_cyusik Поиск ника=>test id=>11224 true
2020-09-11 08:15:20 AM login_cyusik Поиск ника=>test id=>11225 true
2020-09-11 08:15:31 AM login_cyusik Поиск ника=>test id=>11224 true
2020-09-11 08:15:31 AM login_cyusik Поиск ника=>test id=>11225 true
2020-09-11 08:19:19 AM login_cyusik Поиск ника=>Cyusik id=>2599 true
2020-09-11 08:19:40 AM login_cyusik Поиск ника=>Cyusik id=>2599 true
2020-09-11 08:20:11 AM login_cyusik Поиск ника=>Cyusik id=>2599 true
2020-09-11 08:58:35 AM login_cyusik Поиск ника=>Cyusik id=>2599 true
2020-09-11 08:58:41 AM login_cyusik Отредактировал: id=>2599; nick=>Cyusik; point=>350 history=>Аптеки, щиты/ Колбаса, зеленка
2020-09-11 08:58:41 AM save result=>true
2020-09-11 08:58:45 AM login_cyusik Поиск ника=>Cyusik id=>2599 true
2020-09-11 09:02:03 AM login_cyusik Поиск ника=>Cyusik id=>2599 true
2020-09-11 09:02:03 AM login_cyusik Запись баллов=>Cyusik id=>2599 nick=>Cyusik points=>350 true
2020-09-11 09:02:10 AM login_cyusik Поиск ника=>test id=>11224 true
2020-09-11 09:02:10 AM login_cyusik Запись баллов=>test id=>11224 nick=>test points=>150 true
2020-09-11 09:02:10 AM login_cyusik Поиск ника=>test id=>11225 true
2020-09-11 09:02:10 AM login_cyusik Запись баллов=>test id=>11225 nick=>test points=>250 true
2020-09-11 09:02:13 AM login_cyusik Удалил: id=>11225; nick=>test
2020-09-11 09:02:13 AM delet result=>true
2020-09-11 09:02:23 AM login_cyusik Поиск ника=>Cyusik id=>2599 true
2020-09-11 09:02:23 AM login_cyusik Запись баллов=>Cyusik id=>2599 nick=>Cyusik points=>350 true
2020-09-11 09:02:27 AM login_cyusik Поиск ника=>lol false
2020-09-12 04:23:50 AM login_cyusik Вошел importspisok.php Логин: login_cyusik
